2020-03-20 开启--------------------
21:19:20:683 版本:V7.47
21:19:38:576 进入主框架
21:19:48:145 获取zhb.zip并解压
21:19:48:155 更新D:\soft\44\zdcomte.dat
21:20:19:716 后台数据完成
21:47:12:989 关闭主框架
2020-03-20 21:47:13 关闭-----------

2020-03-22 开启--------------------
15:40:43:290 版本:V7.47
15:41:23:314 进入主框架
15:41:31:411 获取zhb.zip并解压
15:41:31:419 更新D:\soft\44\zdcomte.dat
15:41:34:128 后台数据完成
15:42:16:201 关闭主框架
2020-03-22 15:42:16 关闭-----------

2020-03-22 开启--------------------
15:42:18:313 版本:V7.47
15:42:31:824 进入主框架
15:42:33:260 后台数据完成
16:25:53:592 关闭主框架
16:25:54:404 重新登录程序
2020-03-22 16:25:54 关闭-----------

2020-03-22 开启--------------------
16:25:55:016 版本:V7.47
16:25:59:727 进入主框架
16:26:00:404 后台数据完成
16:35:27:111 关闭主框架
16:35:27:691 重新登录程序
2020-03-22 16:35:27 关闭-----------

2020-03-22 开启--------------------
16:35:28:323 版本:V7.47
16:35:35:358 进入主框架
16:35:38:453 后台数据完成
20:38:33:558 关闭主框架
20:38:34:097 重新登录程序
2020-03-22 20:38:34 关闭-----------

2020-03-22 开启--------------------
20:38:34:967 版本:V7.47
20:39:05:093 进入主框架
20:39:05:898 后台数据完成
00:00:01:519 系统时间:23:59->00:00
00:00:34:876 关闭主框架
00:00:35:434 重新登录程序
2020-03-23 00:00:35 关闭-----------

2020-03-23 开启--------------------
00:00:36:705 版本:V7.47
2020-03-23 开启--------------------
08:52:53:911 版本:V7.47
08:53:58:217 进入主框架
08:53:59:219 后台数据完成
08:55:39:243 关闭主框架
08:55:39:359 重新登录程序
2020-03-23 08:55:39 关闭-----------

2020-03-23 开启--------------------
08:55:39:758 版本:V7.47
08:55:53:780 进入主框架
08:55:54:710 后台数据完成
10:41:12:860 关闭主框架
10:41:13:014 重新登录程序
2020-03-23 10:41:13 关闭-----------

2020-03-23 开启--------------------
10:41:13:535 版本:V7.47
10:41:19:277 进入主框架
10:41:19:711 后台数据完成
15:05:23:226 关闭主框架
2020-03-23 15:05:23 关闭-----------

2020-03-24 开启--------------------
09:34:27:878 版本:V7.47
09:35:25:846 进入主框架
09:35:55:190 获取zhb.zip并解压
09:35:55:204 更新D:\soft\44\zdcomte.dat
09:35:58:837 后台数据完成
00:00:01:553 系统时间:23:59->00:00
00:00:31:918 关闭主框架
00:00:32:039 重新登录程序
2020-03-25 00:00:32 关闭-----------

2020-03-25 开启--------------------
00:00:32:494 版本:V7.47
09:20:51:957 进入主框架
09:20:54:991 获取zhb.zip并解压
09:20:55:003 更新D:\soft\44\zdcomte.dat
09:20:56:764 后台数据完成
14:31:45:463 关闭主框架
2020-03-25 14:31:45 关闭-----------

2020-03-25 开启--------------------
14:34:15:189 版本:V7.47
14:34:40:759 进入主框架
14:34:41:380 后台数据完成
18:16:35:317 关闭主框架
18:16:35:522 重新登录程序
2020-03-25 18:16:35 关闭-----------

2020-03-25 开启--------------------
18:16:35:967 版本:V7.47
2020-03-26 开启--------------------
09:33:31:848 版本:V7.47
2020-03-26 09:35:58 关闭-----------

2020-03-26 开启--------------------
09:36:01:893 版本:V7.47
09:37:57:844 进入主框架
09:39:30:907 后台数据完成
10:26:34:273 关闭主框架
2020-03-26 10:26:34 关闭-----------

2020-03-26 开启--------------------
10:26:36:488 版本:V7.47
10:29:47:690 进入主框架
10:29:52:143 获取zhb.zip并解压
10:29:52:149 更新D:\soft\44\zdcomte.dat
10:29:54:935 后台数据完成
10:52:07:446 关闭主框架
10:52:07:598 重新登录程序
2020-03-26 10:52:07 关闭-----------

2020-03-26 开启--------------------
10:52:08:119 版本:V7.47
10:52:12:558 进入主框架
10:52:13:395 后台数据完成
02:41:45:635 恢复,上次休眠时间:2020-03-26,23:41
08:43:32:812 关闭主框架
08:43:32:955 重新登录程序
2020-03-27 08:43:32 关闭-----------

2020-03-27 开启--------------------
08:43:33:559 版本:V7.47
08:44:23:300 进入主框架
08:44:26:665 获取zhb.zip并解压
08:44:26:668 更新D:\soft\44\zdcomte.dat
08:44:27:405 后台数据完成
09:14:29:024 重新连接行情.
09:14:32:430 后台数据完成
16:24:12:570 关闭主框架
16:24:12:799 重新登录程序
2020-03-27 16:24:12 关闭-----------

2020-03-27 开启--------------------
16:24:13:291 版本:V7.47
2020-03-27 16:24:27 关闭-----------

2020-03-29 开启--------------------
21:15:23:789 版本:V7.47
21:15:31:437 进入主框架
21:15:32:876 获取zhb.zip并解压
21:15:32:882 更新D:\soft\44\zdcomte.dat
21:15:35:645 后台数据完成
21:23:11:352 关闭主框架
21:23:11:569 重新登录程序
2020-03-29 21:23:11 关闭-----------

2020-03-29 开启--------------------
21:23:12:013 版本:V7.47
21:23:16:625 进入主框架
21:23:17:650 后台数据完成
01:47:30:623 恢复,上次休眠时间:2020-03-29,22:47
09:10:10:922 关闭主框架
09:10:11:084 重新登录程序
2020-03-30 09:10:11 关闭-----------

2020-03-30 开启--------------------
09:10:11:683 版本:V7.47
09:23:58:351 进入主框架
09:23:59:770 后台数据完成
15:17:12:733 关闭主框架
15:17:12:905 重新登录程序
2020-03-30 15:17:12 关闭-----------

2020-03-30 开启--------------------
15:17:13:438 版本:V7.47
17:10:59:076 进入主框架
17:11:00:630 后台数据完成
02:08:08:488 恢复,上次休眠时间:2020-03-30,23:08
09:22:07:103 关闭主框架
09:22:07:268 重新登录程序
2020-03-31 09:22:07 关闭-----------

2020-03-31 开启--------------------
09:22:07:921 版本:V7.47
09:23:15:445 进入主框架
09:23:17:760 获取zhb.zip并解压
09:23:17:764 更新D:\soft\44\zdcomte.dat
09:23:19:734 后台数据完成
09:34:09:556 关闭主框架
09:34:10:491 重新登录程序
2020-04-01 09:34:10 关闭-----------

2020-04-01 开启--------------------
09:34:13:556 版本:V7.47
09:34:48:813 进入主框架
09:36:02:407 后台数据完成
16:43:32:437 关闭主框架
2020-04-01 16:43:33 关闭-----------

2020-04-01 开启--------------------
22:27:11:169 版本:V7.47
22:27:59:646 进入主框架
22:28:03:919 获取zhb.zip并解压
22:28:03:937 更新D:\soft\44\zdcomte.dat
22:28:22:962 后台数据完成
22:39:06:675 关闭主框架
2020-04-01 22:39:07 关闭-----------

2020-04-02 开启--------------------
09:30:27:874 版本:V7.47
09:30:35:996 进入主框架
09:30:39:945 获取zhb.zip并解压
09:30:39:948 更新D:\soft\44\zdcomte.dat
09:30:42:331 后台数据完成
11:11:01:955 关闭主框架
11:11:02:124 重新登录程序
2020-04-02 11:11:02 关闭-----------

2020-04-02 开启--------------------
11:11:02:552 版本:V7.47
11:11:43:191 进入主框架
11:11:44:223 后台数据完成
11:24:53:074 关闭主框架
2020-04-02 11:24:53 关闭-----------

2020-04-02 开启--------------------
11:29:30:069 版本:V7.47
11:29:36:109 进入主框架
11:29:37:679 后台数据完成
02:07:21:529 系统时间:23:07->02:07
09:27:03:469 关闭主框架
09:27:03:758 重新登录程序
2020-04-03 09:27:03 关闭-----------

2020-04-03 开启--------------------
09:27:04:414 版本:V7.47
09:28:52:611 进入主框架
09:28:58:060 获取zhb.zip并解压
09:28:58:063 更新D:\soft\44\zdcomte.dat
09:29:01:444 后台数据完成
19:56:08:022 关闭主框架
2020-04-03 19:56:08 关闭-----------

2020-04-07 开启--------------------
09:34:22:690 版本:V7.47
09:35:16:902 进入主框架
09:36:48:362 获取zhb.zip并解压
09:36:48:374 更新D:\soft\44\zdcomte.dat
09:37:01:045 后台数据完成
02:55:30:671 恢复,上次休眠时间:2020-04-07,23:55
08:20:45:173 关闭主框架
08:20:45:372 重新登录程序
2020-04-08 08:20:45 关闭-----------

2020-04-08 开启--------------------
08:20:46:533 版本:V7.47
09:18:36:434 进入主框架
09:18:40:291 获取zhb.zip并解压
09:18:40:294 更新D:\soft\44\zdcomte.dat
09:18:41:912 后台数据完成
13:39:09:599 关闭主框架
13:39:09:769 重新登录程序
2020-04-08 13:39:09 关闭-----------

2020-04-08 开启--------------------
13:39:10:349 版本:V7.47
13:39:17:204 进入主框架
13:39:19:199 后台数据完成
20:45:55:175 关闭主框架
2020-04-08 20:45:55 关闭-----------

2020-04-08 开启--------------------
20:56:11:944 版本:V7.47
20:56:16:041 进入主框架
20:56:16:786 后台数据完成
00:00:01:543 系统时间:23:59->00:00
00:00:31:866 关闭主框架
00:00:31:964 重新登录程序
2020-04-09 00:00:32 关闭-----------

2020-04-09 开启--------------------
00:00:32:451 版本:V7.47
00:00:48:187 进入主框架
00:00:49:232 后台数据完成
2020-04-09 00:22:30 关闭-----------

2020-04-09 开启--------------------
09:30:07:878 版本:V7.47
09:31:03:240 进入主框架
09:31:27:291 获取zhb.zip并解压
09:31:27:296 更新D:\soft\44\zdcomte.dat
09:31:31:750 后台数据完成
13:31:14:238 关闭主框架
13:31:14:392 重新登录程序
2020-04-09 13:31:14 关闭-----------

2020-04-09 开启--------------------
13:31:14:934 版本:V7.47
13:31:19:137 进入主框架
13:31:19:897 后台数据完成
22:57:25:509 关闭主框架
2020-04-09 22:57:25 关闭-----------

2020-04-10 开启--------------------
09:32:52:158 版本:V7.47
09:33:46:534 进入主框架
2020-04-10 开启--------------------
09:34:52:177 版本:V7.47
09:35:33:987 进入主框架
09:36:11:911 后台数据完成
15:07:39:508 关闭主框架
2020-04-10 15:07:39 关闭-----------

2020-04-13 开启--------------------
09:29:03:320 版本:V7.47
09:29:16:438 进入主框架
09:29:18:868 获取zhb.zip并解压
09:29:18:870 更新D:\soft\44\zdcomte.dat
09:29:20:923 后台数据完成
10:18:26:515 关闭主框架
10:18:26:647 重新登录程序
2020-04-13 10:18:26 关闭-----------

2020-04-13 开启--------------------
10:18:27:016 版本:V7.47
10:18:30:962 进入主框架
10:18:32:076 后台数据完成
13:37:56:598 关闭主框架
2020-04-13 13:37:56 关闭-----------

2020-04-13 开启--------------------
13:38:24:843 版本:V7.47
13:38:27:966 进入主框架
13:38:29:022 后台数据完成
13:49:11:632 关闭主框架
13:49:11:777 重新登录程序
2020-04-13 13:49:11 关闭-----------

2020-04-13 开启--------------------
13:49:12:145 版本:V7.47
13:49:51:356 进入主框架
13:49:52:382 后台数据完成
2020-04-13 23:54:24 关闭-----------

2020-04-14 开启--------------------
09:26:50:291 版本:V7.47
09:27:05:031 进入主框架
09:27:06:993 获取zhb.zip并解压
09:27:06:996 更新D:\soft\44\zdcomte.dat
09:27:10:697 后台数据完成
11:34:36:780 关闭主框架
2020-04-14 11:34:36 关闭-----------

2020-04-14 开启--------------------
11:34:43:190 版本:V7.47
11:34:48:788 进入主框架
11:34:49:226 后台数据完成
09:23:41:631 恢复,上次休眠时间:2020-04-14,19:45
09:24:12:910 关闭主框架
09:24:13:045 重新登录程序
2020-04-15 09:24:13 关闭-----------

2020-04-15 开启--------------------
09:24:13:512 版本:V7.47
09:25:06:240 进入主框架
09:25:10:837 获取zhb.zip并解压
09:25:10:840 更新D:\soft\44\zdcomte.dat
09:25:12:780 后台数据完成
13:04:05:009 关闭主框架
13:04:05:178 重新登录程序
2020-04-15 13:04:05 关闭-----------

2020-04-15 开启--------------------
13:04:05:721 版本:V7.47
13:04:13:330 进入主框架
13:05:03:703 后台数据完成
18:07:49:315 关闭主框架
2020-04-15 18:07:49 关闭-----------

2020-04-16 开启--------------------
09:15:41:703 版本:V7.47
09:15:48:866 进入主框架
09:15:51:662 获取zhb.zip并解压
09:15:51:665 更新D:\soft\44\zdcomte.dat
09:15:53:809 后台数据完成
19:08:01:131 关闭主框架
2020-04-16 19:08:01 关闭-----------

2020-04-17 开启--------------------
09:27:30:259 版本:V7.47
09:27:36:488 进入主框架
09:27:42:396 获取zhb.zip并解压
09:27:42:399 更新D:\soft\44\zdcomte.dat
09:27:44:071 后台数据完成
2020-04-17 22:08:05 关闭-----------

2020-04-19 开启--------------------
23:15:43:654 版本:V7.47
23:15:56:135 进入主框架
23:16:01:759 获取zhb.zip并解压
23:16:01:774 更新D:\soft\44\zdcomte.dat
23:16:26:937 后台数据完成
00:00:02:700 系统时间:23:59->00:00
00:00:34:476 关闭主框架
00:00:34:914 重新登录程序
2020-04-20 00:00:35 关闭-----------

2020-04-20 开启--------------------
00:00:35:534 版本:V7.47
00:01:13:062 进入主框架
00:01:18:309 后台数据完成
2020-04-20 02:47:42 关闭-----------

2020-04-20 开启--------------------
09:28:32:314 版本:V7.47
09:28:57:123 进入主框架
09:28:58:556 后台数据完成
15:13:28:507 关闭主框架
2020-04-20 15:13:28 关闭-----------

2020-04-21 开启--------------------
09:21:42:097 版本:V7.47
09:26:24:262 进入主框架
09:27:40:234 后台数据完成
14:50:17:246 关闭主框架
14:50:17:414 重新登录程序
2020-04-21 14:50:17 关闭-----------

2020-04-21 开启--------------------
14:50:17:897 版本:V7.47
14:50:22:711 进入主框架
14:50:53:227 后台数据完成
21:47:07:960 关闭主框架
2020-04-21 21:47:08 关闭-----------

2020-04-22 开启--------------------
09:18:44:230 版本:V7.47
09:25:58:201 进入主框架
09:26:56:165 后台数据完成
10:04:32:947 关闭主框架
10:04:33:241 重新登录程序
2020-04-22 10:04:33 关闭-----------

2020-04-22 开启--------------------
10:04:34:081 版本:V7.47
10:04:48:188 进入主框架
10:05:56:419 后台数据完成
02:46:38:637 恢复,上次休眠时间:2020-04-22,23:46
08:26:53:933 关闭主框架
08:26:54:084 重新登录程序
2020-04-23 08:26:54 关闭-----------

2020-04-23 开启--------------------
08:26:54:780 版本:V7.47
08:27:06:573 进入主框架
08:27:08:479 获取zhb.zip并解压
08:27:08:481 更新D:\soft\44\zdcomte.dat
08:27:10:703 后台数据完成
09:33:32:881 重新连接行情.
09:33:41:112 后台数据完成
15:34:37:557 关闭主框架
2020-04-23 15:34:37 关闭-----------

2020-04-24 开启--------------------
09:22:55:678 版本:V7.47
09:23:01:538 获取customcfg_level2.zip并解压
09:23:01:540 更新newhost.lst,合并到站点配置中
09:23:13:043 进入主框架
09:23:27:708 获取zhb.zip并解压
09:23:27:722 更新D:\soft\44\zdcomte.dat
09:23:31:598 后台数据完成
11:06:15:270 关闭主框架
11:06:15:421 重新登录程序
2020-04-24 11:06:15 关闭-----------

2020-04-24 开启--------------------
11:06:15:820 版本:V7.47
11:06:19:528 进入主框架
11:06:21:017 后台数据完成
13:30:53:260 关闭主框架
13:30:53:468 重新登录程序
2020-04-24 13:30:53 关闭-----------

2020-04-24 开启--------------------
13:30:53:986 版本:V7.47
13:33:48:810 获取customcfg_level2.zip并解压
13:33:48:820 更新newhost.lst,合并到站点配置中
13:33:50:223 进入主框架
13:33:51:021 后台数据完成
15:35:28:063 关闭主框架
2020-04-24 15:35:28 关闭-----------

2020-04-26 开启--------------------
09:44:52:175 版本:V7.47
09:45:00:520 进入主框架
09:45:08:097 获取zhb.zip并解压
09:45:08:100 更新D:\soft\44\zdcomte.dat
09:45:11:441 后台数据完成
09:46:00:450 关闭主框架
2020-04-26 09:46:00 关闭-----------

2020-04-26 开启--------------------
19:24:00:624 版本:V7.47
19:24:05:566 进入主框架
19:24:06:300 后台数据完成
19:59:14:916 关闭主框架
2020-04-26 19:59:15 关闭-----------

2020-04-26 开启--------------------
22:02:58:294 版本:V7.47
22:03:02:051 进入主框架
22:03:03:181 后台数据完成
22:03:59:626 关闭主框架
2020-04-26 22:03:59 关闭-----------

2020-04-27 开启--------------------
09:20:10:877 版本:V7.47
09:20:33:139 进入主框架
09:20:39:794 获取zhb.zip并解压
09:20:39:797 更新D:\soft\44\zdcomte.dat
09:20:43:188 后台数据完成
00:00:00:515 系统时间:23:59->00:00
00:00:32:439 关闭主框架
00:00:32:966 重新登录程序
2020-04-28 00:00:33 关闭-----------

2020-04-28 开启--------------------
00:00:33:920 版本:V7.47
2020-04-28 00:02:21 关闭-----------

2020-04-28 开启--------------------
09:22:08:954 版本:V7.47
09:22:21:016 进入主框架
09:22:29:116 获取zhb.zip并解压
09:22:29:119 更新D:\soft\44\zdcomte.dat
09:22:34:054 后台数据完成
14:28:44:416 关闭主框架
2020-04-28 14:28:44 关闭-----------

2020-04-28 开启--------------------
14:28:50:643 版本:V7.47
14:28:55:656 进入主框架
14:28:56:876 后台数据完成
19:45:29:365 关闭主框架
2020-04-28 19:45:29 关闭-----------

2020-04-29 开启--------------------
09:23:28:835 版本:V7.47
09:23:43:166 进入主框架
09:23:58:223 获取zhb.zip并解压
09:23:58:226 更新D:\soft\44\zdcomte.dat
09:24:08:168 后台数据完成
15:02:40:003 关闭主框架
2020-04-29 15:02:40 关闭-----------

2020-04-29 开启--------------------
16:58:26:348 版本:V7.47
16:58:32:531 进入主框架
16:58:34:105 后台数据完成
17:07:20:229 关闭主框架
2020-04-29 17:07:20 关闭-----------

2020-04-30 开启--------------------
09:00:04:747 版本:V7.47
09:00:13:805 进入主框架
09:00:20:923 获取zhb.zip并解压
09:00:20:926 更新D:\soft\44\zdcomte.dat
09:00:25:229 后台数据完成
2020-04-30 开启--------------------
13:15:34:677 版本:V7.47
13:15:42:652 进入主框架
13:15:48:054 后台数据完成
19:53:35:847 关闭主框架
2020-04-30 19:53:35 关闭-----------

2020-05-01 开启--------------------
23:26:29:629 版本:V7.47
23:26:40:955 进入主框架
23:26:45:004 获取zhb.zip并解压
23:26:45:007 更新D:\soft\44\zdcomte.dat
23:26:49:835 后台数据完成
00:00:02:229 系统时间:23:59->00:00
00:00:16:305 关闭主框架
00:00:16:857 重新登录程序
2020-05-02 00:00:16 关闭-----------

2020-05-02 开启--------------------
00:00:17:303 版本:V7.47
00:00:23:974 进入主框架
00:00:26:474 后台数据完成
00:38:23:448 关闭主框架
00:38:23:907 重新登录程序
2020-05-02 00:38:23 关闭-----------

2020-05-02 开启--------------------
00:38:24:607 版本:V7.47
00:38:39:390 进入主框架
00:38:42:279 后台数据完成
2020-05-02 02:06:31 关闭-----------

2020-05-04 开启--------------------
22:28:56:599 版本:V7.47
22:29:54:958 进入主框架
22:29:55:325 后台数据完成
2020-05-04 22:57:22 关闭-----------

2020-05-06 开启--------------------
09:22:40:030 版本:V7.47
09:22:54:158 进入主框架
09:23:03:117 获取zhb.zip并解压
09:23:03:120 更新D:\soft\44\zdcomte.dat
09:23:04:997 后台数据完成
16:21:23:265 关闭主框架
16:21:23:435 重新登录程序
2020-05-06 16:21:23 关闭-----------

2020-05-06 开启--------------------
16:21:23:896 版本:V7.47
2020-05-06 16:22:25 关闭-----------

2020-05-06 开启--------------------
22:39:18:768 版本:V7.47
22:39:26:269 进入主框架
22:39:26:945 后台数据完成
00:00:02:423 系统时间:23:59->00:00
00:00:34:155 关闭主框架
00:00:34:579 重新登录程序
2020-05-07 00:00:34 关闭-----------

2020-05-07 开启--------------------
00:00:35:227 版本:V7.47
2020-05-07 开启--------------------
09:13:41:133 版本:V7.47
09:13:55:367 进入主框架
09:14:02:135 获取zhb.zip并解压
09:14:02:148 更新D:\soft\44\zdcomte.dat
09:14:04:104 后台数据完成
15:56:19:154 关闭主框架
2020-05-07 15:56:19 关闭-----------

2020-05-10 开启--------------------
22:02:31:260 版本:V7.47
22:02:43:076 进入主框架
22:03:07:235 获取zhb.zip并解压
22:03:07:238 更新D:\soft\44\zdcomte.dat
22:03:11:877 后台数据完成
00:00:01:878 系统时间:23:59->00:00
00:00:33:241 关闭主框架
00:00:33:642 重新登录程序
2020-05-11 00:00:33 关闭-----------

2020-05-11 开启--------------------
00:00:34:721 版本:V7.47
09:02:04:038 进入主框架
09:02:05:322 后台数据完成
00:00:00:573 系统时间:23:59->00:00
00:00:32:178 关闭主框架
00:00:32:672 重新登录程序
2020-05-12 00:00:32 关闭-----------

2020-05-12 开启--------------------
00:00:33:437 版本:V7.47
09:13:36:087 进入主框架
09:13:43:639 获取zhb.zip并解压
09:13:43:642 更新D:\soft\44\zdcomte.dat
09:13:48:279 后台数据完成
10:45:53:464 关闭主框架
10:45:53:630 重新登录程序
2020-05-12 10:45:53 关闭-----------

2020-05-12 开启--------------------
10:45:54:162 版本:V7.47
10:46:08:083 进入主框架
10:46:09:320 后台数据完成
15:59:47:277 关闭主框架
2020-05-12 15:59:47 关闭-----------

2020-05-12 开启--------------------
20:52:46:205 版本:V7.47
20:52:52:601 进入主框架
20:52:53:249 后台数据完成
2020-05-12 21:28:16 关闭-----------

2020-05-14 开启--------------------
09:55:19:740 版本:V7.47
09:55:43:670 进入主框架
09:55:53:201 获取zhb.zip并解压
09:55:53:204 更新D:\soft\44\zdcomte.dat
09:55:57:095 后台数据完成
10:45:10:740 恢复,上次休眠时间:2020-05-14,22:58
10:45:44:576 关闭主框架
10:45:44:937 重新登录程序
2020-05-16 10:45:45 关闭-----------

2020-05-16 开启--------------------
10:45:46:802 版本:V7.47
2020-05-16 10:48:57 关闭-----------

2020-05-18 开启--------------------
09:26:57:117 版本:V7.47
09:31:00:594 进入主框架
09:31:13:150 获取zhb.zip并解压
09:31:13:155 更新D:\soft\44\zdcomte.dat
09:31:21:973 后台数据完成
2020-05-18 开启--------------------
09:39:42:102 版本:V7.47
09:39:58:002 进入主框架
09:39:59:072 后台数据完成
00:00:00:612 系统时间:23:59->00:00
00:00:30:932 关闭主框架
00:00:31:064 重新登录程序
2020-05-19 00:00:31 关闭-----------

2020-05-19 开启--------------------
00:00:31:592 版本:V7.47
00:00:43:084 进入主框架
00:00:44:061 后台数据完成
2020-05-19 01:15:43 关闭-----------

2020-05-19 开启--------------------
09:17:33:586 版本:V7.47
09:17:44:907 进入主框架
09:17:50:741 获取zhb.zip并解压
09:17:50:745 更新D:\soft\44\zdcomte.dat
09:17:57:196 后台数据完成
2020-05-20 开启--------------------
09:37:37:664 版本:V7.47
09:38:52:493 进入主框架
09:39:02:062 获取zhb.zip并解压
09:39:02:065 更新D:\soft\44\zdcomte.dat
09:39:05:890 后台数据完成
17:52:47:317 关闭主框架
17:52:47:464 重新登录程序
2020-05-20 17:52:47 关闭-----------

2020-05-20 开启--------------------
17:52:48:089 版本:V7.47
17:52:52:942 进入主框架
17:52:53:595 后台数据完成
00:00:01:631 系统时间:23:59->00:00
00:00:32:105 关闭主框架
00:00:32:227 重新登录程序
2020-05-21 00:00:32 关闭-----------

2020-05-21 开启--------------------
00:00:32:772 版本:V7.47
00:00:47:617 进入主框架
00:00:48:255 后台数据完成
2020-05-21 开启--------------------
09:03:46:506 版本:V7.47
09:15:08:124 进入主框架
09:15:11:040 获取zhb.zip并解压
09:15:11:043 更新D:\soft\44\zdcomte.dat
09:15:13:930 后台数据完成
13:20:26:279 关闭主框架
13:20:26:431 重新登录程序
2020-05-21 13:20:26 关闭-----------

2020-05-21 开启--------------------
13:20:27:007 版本:V7.47
13:20:36:500 进入主框架
13:20:37:636 后台数据完成
15:27:22:652 关闭主框架
2020-05-21 15:27:22 关闭-----------

2020-05-22 开启--------------------
00:20:57:964 版本:V7.47
00:21:07:788 进入主框架
00:21:08:019 后台数据完成
2020-05-22 01:10:26 关闭-----------

2020-05-22 开启--------------------
09:10:52:019 版本:V7.47
09:10:58:910 进入主框架
09:11:01:503 获取zhb.zip并解压
09:11:01:509 更新D:\soft\44\zdcomte.dat
09:11:04:475 后台数据完成
21:08:40:306 关闭主框架
2020-05-22 21:08:40 关闭-----------

2020-05-25 开启--------------------
09:36:11:996 版本:V7.47
09:36:20:781 进入主框架
09:36:22:459 获取zhb.zip并解压
09:36:22:462 更新D:\soft\44\zdcomte.dat
09:36:25:003 后台数据完成
2020-05-25 23:04:49 关闭-----------

2020-05-26 开启--------------------
10:47:53:929 版本:V7.47
10:48:04:664 进入主框架
10:48:11:664 获取zhb.zip并解压
10:48:11:671 更新D:\soft\44\zdcomte.dat
10:48:17:644 后台数据完成
2020-05-26 开启--------------------
22:48:43:592 版本:V7.47
22:48:48:431 进入主框架
22:48:48:858 后台数据完成
00:00:01:498 系统时间:23:59->00:00
00:00:32:265 关闭主框架
00:00:32:445 重新登录程序
2020-05-27 00:00:32 关闭-----------

2020-05-27 开启--------------------
00:00:33:171 版本:V7.47
00:00:48:398 进入主框架
00:00:49:045 后台数据完成
2020-05-27 00:31:52 关闭-----------

2020-05-27 开启--------------------
09:14:17:078 版本:V7.47
09:14:25:400 进入主框架
09:14:27:902 获取zhb.zip并解压
09:14:27:905 更新D:\soft\44\zdcomte.dat
09:14:32:845 后台数据完成
14:39:06:028 关闭主框架
2020-05-27 14:39:06 关闭-----------

2020-05-28 开启--------------------
09:23:55:174 版本:V7.47
09:24:35:660 进入主框架
09:24:40:837 获取zhb.zip并解压
09:24:40:844 更新D:\soft\44\zdcomte.dat
09:24:52:936 后台数据完成
2020-05-28 14:30:19 关闭-----------

2020-05-28 开启--------------------
14:38:09:298 版本:V7.47
14:38:31:594 进入主框架
14:38:32:987 后台数据完成
2020-05-28 开启--------------------
19:11:54:992 版本:V7.47
2020-05-28 19:11:59 关闭-----------

2020-05-29 开启--------------------
09:46:39:853 版本:V7.47
09:46:46:212 进入主框架
09:46:49:922 获取zhb.zip并解压
09:46:49:924 更新D:\soft\44\zdcomte.dat
09:46:52:972 后台数据完成
18:31:10:195 关闭主框架
2020-05-29 18:31:10 关闭-----------

2020-06-01 开启--------------------
09:30:40:322 版本:V7.47
09:31:10:917 进入主框架
09:31:13:593 获取zhb.zip并解压
09:31:13:595 更新D:\soft\44\zdcomte.dat
09:31:15:855 后台数据完成
00:00:00:521 系统时间:23:59->00:00
00:00:30:953 关闭主框架
00:00:31:120 重新登录程序
2020-06-02 00:00:31 关闭-----------

2020-06-02 开启--------------------
00:00:31:758 版本:V7.47
01:41:43:727 进入主框架
01:41:47:220 后台数据完成
09:33:56:702 恢复,上次休眠时间:2020-06-02,05:41
09:34:21:584 关闭主框架
09:34:21:821 重新登录程序
2020-06-02 09:34:21 关闭-----------

2020-06-02 开启--------------------
09:34:22:457 版本:V7.47
09:34:29:148 进入主框架
09:34:49:346 获取zhb.zip并解压
09:34:49:350 更新D:\soft\44\zdcomte.dat
09:34:56:446 后台数据完成
09:43:06:813 关闭主框架
09:43:06:990 重新登录程序
2020-06-03 09:43:07 关闭-----------

2020-06-03 开启--------------------
09:43:07:670 版本:V7.47
09:44:04:751 进入主框架
09:44:24:599 后台数据完成
2020-06-03 开启--------------------
10:43:25:383 版本:V7.47
10:43:36:048 进入主框架
10:43:36:889 获取zhb.zip并解压
10:43:36:892 更新D:\soft\44\zdcomte.dat
10:43:39:301 后台数据完成
14:29:16:169 关闭主框架
14:29:16:331 重新登录程序
2020-06-03 14:29:16 关闭-----------

2020-06-03 开启--------------------
14:29:16:858 版本:V7.47
14:29:54:944 进入主框架
14:29:55:037 后台数据完成
14:56:23:483 关闭主框架
14:56:23:630 重新登录程序
2020-06-03 14:56:23 关闭-----------

2020-06-03 开启--------------------
14:56:24:052 版本:V7.47
14:56:27:338 进入主框架
14:56:27:810 后台数据完成
2020-06-04 00:13:08 关闭-----------

2020-06-04 开启--------------------
09:20:55:504 版本:V7.47
09:21:06:310 进入主框架
09:21:11:824 获取zhb.zip并解压
09:21:11:826 更新D:\soft\44\zdcomte.dat
09:21:14:015 后台数据完成
15:59:01:478 关闭主框架
2020-06-04 15:59:01 关闭-----------

2020-06-05 开启--------------------
09:07:39:675 版本:V7.47
09:07:44:074 获取customcfg_level2.zip并解压
09:07:44:075 更新newhost.lst,合并到站点配置中
09:07:58:831 进入主框架
09:08:01:629 获取zhb.zip并解压
09:08:01:632 更新D:\soft\44\zdcomte.dat
09:08:03:610 后台数据完成
09:56:02:580 关闭主框架
09:56:02:758 重新登录程序
2020-06-05 09:56:02 关闭-----------

2020-06-05 开启--------------------
09:56:03:426 版本:V7.47
09:56:07:942 进入主框架
09:56:08:229 后台数据完成
13:31:01:705 关闭主框架
13:31:01:860 重新登录程序
2020-06-05 13:31:01 关闭-----------

2020-06-05 开启--------------------
13:31:02:252 版本:V7.47
13:31:06:261 进入主框架
13:31:06:640 后台数据完成
21:25:27:784 关闭主框架
21:25:27:980 重新登录程序
2020-06-05 21:25:28 关闭-----------

2020-06-05 开启--------------------
21:25:28:734 版本:V7.47
2020-06-05 21:43:17 关闭-----------

2020-06-08 开启--------------------
09:14:17:867 版本:V7.47
09:14:27:272 进入主框架
09:14:30:653 获取zhb.zip并解压
09:14:30:666 更新D:\soft\44\zdcomte.dat
09:14:32:517 后台数据完成
01:41:16:619 恢复,上次休眠时间:2020-06-08,22:41
08:23:46:844 关闭主框架
08:23:46:998 重新登录程序
2020-06-09 08:23:47 关闭-----------

2020-06-09 开启--------------------
08:23:47:607 版本:V7.47
08:23:54:730 进入主框架
08:23:57:872 获取zhb.zip并解压
08:23:57:875 更新D:\soft\44\zdcomte.dat
08:23:58:718 后台数据完成
08:56:18:241 重新连接行情.
08:56:20:653 后台数据完成
00:00:00:759 系统时间:23:59->00:00
00:00:31:088 关闭主框架
00:00:31:302 重新登录程序
2020-06-10 00:00:31 关闭-----------

2020-06-10 开启--------------------
00:00:32:313 版本:V7.47
09:22:06:265 进入主框架
09:22:10:461 获取zhb.zip并解压
09:22:10:464 更新D:\soft\44\zdcomte.dat
09:22:12:338 后台数据完成
00:00:00:493 系统时间:23:59->00:00
00:00:30:989 关闭主框架
00:00:31:138 重新登录程序
2020-06-11 00:00:31 关闭-----------

2020-06-11 开启--------------------
00:00:31:748 版本:V7.47
00:00:37:831 后台数据完成
00:00:37:883 进入主框架
09:23:56:436 关闭主框架
09:23:56:627 重新登录程序
2020-06-11 09:23:56 关闭-----------

2020-06-11 开启--------------------
09:23:57:107 版本:V7.47
09:24:03:759 进入主框架
09:24:06:765 获取zhb.zip并解压
09:24:06:770 更新D:\soft\44\zdcomte.dat
09:24:08:418 后台数据完成
15:33:17:584 关闭主框架
15:33:17:805 重新登录程序
2020-06-11 15:33:17 关闭-----------

2020-06-11 开启--------------------
15:33:18:373 版本:V7.47
2020-06-11 15:33:30 关闭-----------

2020-06-12 开启--------------------
09:44:33:620 版本:V7.47
09:47:32:930 进入主框架
09:47:35:927 获取zhb.zip并解压
09:47:35:932 更新D:\soft\44\zdcomte.dat
09:47:38:035 后台数据完成
16:28:45:723 关闭主框架
2020-06-12 16:28:46 关闭-----------

